==================== 2025-12-02 15:41:54.579330 | 8269b510-b19e-43b2-bf91-e9ccc35097a3 ====================
15:41:54.579410 [info ]: Starting dbt LSP server
15:41:54.579448 [info ]: Connecting to LSP client on port 8000
15:41:54.579668 [info ]: Successfully connected to LSP client
15:41:54.579691 [info ]: Creating LSP service...
15:41:54.690434 [info ]: Creating LSP server...
15:41:54.690452 [info ]: Starting LSP server...
15:41:55.243774 [info ]: Cached model count updated: 11 models (estimate)
15:41:55.332991 [info ]: Cached model count updated: 11 models (accurate)
15:41:55.805135 [debug]: Query executed on node unknown:
describe table "DEMO_ASK_DB"."AIRLINE"."FLIGHTS"
15:41:55.869251 [debug]: Query executed on node unknown:
describe table "DEMO_ASK_DB"."RENTAL"."CARS"
15:41:56.502668 [warn ]: dbt1000: Detected unsafe introspection which may lead to non-deterministic static analysis. To suppress this warning, set static_analysis to 'unsafe' in the nodes' configuration. Learn more: https://docs.getdbt.com/docs/fusion/new-concepts. Nodes: 'model.airline_and_rental_services.intermediate_airline_flights_passenger' (execute), 'model.airline_and_rental_services.intermediate_rental_info_model' (execute), 'model.airline_and_rental_services.intermediate_rental_options_model' (execute)
15:41:56.957234 [debug]: Query executed on node model.airline_and_rental_services.intermediate_airline_flights_passenger:
select distinct
            json.key as column_name
        from demo_ask_db.demo_ask_schema.intermediate_airline_flights_passengers,
        lateral flatten(input=>VALUE) json
/* {"app":"dbt","dbt_version":"2.0.0","profile_name":"airline_and_rental_services","target_name":"dev","connection_name":""} */
15:41:57.049117 [debug]: Query executed on node model.airline_and_rental_services.intermediate_rental_info_model:
select distinct
            json.key as column_name
        from demo_ask_db.demo_ask_schema.rental_model,
        lateral flatten(input=>RENTAL_INFO) json
/* {"app":"dbt","dbt_version":"2.0.0","profile_name":"airline_and_rental_services","target_name":"dev","connection_name":""} */
15:41:57.121094 [debug]: Query executed on node model.airline_and_rental_services.intermediate_rental_options_model:
select distinct
            json.key as column_name
        from demo_ask_db.demo_ask_schema.rental_model,
        lateral flatten(input=>OPTIONS) json
/* {"app":"dbt","dbt_version":"2.0.0","profile_name":"airline_and_rental_services","target_name":"dev","connection_name":""} */
15:41:57.233511 [info ]: Cached model count updated: 11 models (accurate)
15:44:19.396868 [warn ]: dbt1000: Detected unsafe introspection which may lead to non-deterministic static analysis. To suppress this warning, set static_analysis to 'unsafe' in the nodes' configuration. Learn more: https://docs.getdbt.com/docs/fusion/new-concepts. Nodes: 'model.airline_and_rental_services.intermediate_airline_flights_passenger' (execute), 'model.airline_and_rental_services.intermediate_rental_info_model' (execute), 'model.airline_and_rental_services.intermediate_rental_options_model' (execute)
15:44:19.740624 [debug]: Query executed on node model.airline_and_rental_services.intermediate_airline_flights_passenger:
select distinct
            json.key as column_name
        from demo_ask_db.demo_ask_schema.intermediate_airline_flights_passengers,
        lateral flatten(input=>VALUE) json
/* {"app":"dbt","dbt_version":"2.0.0","profile_name":"airline_and_rental_services","target_name":"dev","connection_name":""} */
15:44:38.872729 [warn ]: dbt1000: Detected unsafe introspection which may lead to non-deterministic static analysis. To suppress this warning, set static_analysis to 'unsafe' in the nodes' configuration. Learn more: https://docs.getdbt.com/docs/fusion/new-concepts. Nodes: 'model.airline_and_rental_services.intermediate_airline_flights_passenger' (execute), 'model.airline_and_rental_services.intermediate_rental_info_model' (execute), 'model.airline_and_rental_services.intermediate_rental_options_model' (execute)
15:44:39.563641 [debug]: Query executed on node model.airline_and_rental_services.intermediate_airline_flights_passenger:
select distinct
            json.key as column_name
        from demo_ask_db.demo_ask_schema.intermediate_airline_flights_passengers,
        lateral flatten(input=>VALUE) json
/* {"app":"dbt","dbt_version":"2.0.0","profile_name":"airline_and_rental_services","target_name":"dev","connection_name":""} */
